2025-09-23 02:00:38,809 - INFO - Producing message: {"CO": 0.5, "PT08.S1(CO)": 0.0524048815506102, "NMHC": 0.17919781403769897, "Benzene": 0.5, "PT08.S2(NMHC)": 0.0409612233752048, "NOx": 5.0, "PT08.S3(NOx)": 0.5141889030072003, "NO2": 0.07100591715976332, "PT08.S4(NO2)": 0.164568345323741, "PT08.S5(O3)": 0.05951346655082537, "T": 0.2752688172043011, "RH": 0.5144654088050316, "AH": 0.22831451888774865, "Target": NaN, "timestamp": "2025-09-23T02:00:38.809335"}
2025-09-23 02:00:39,818 - INFO - Producing message: {"CO": 0.5, "PT08.S1(CO)": 0.26202440775305097, "NMHC": 0.17919781403769897, "Benzene": 0.5, "PT08.S2(NMHC)": 0.21409066084107045, "NOx": 5.0, "PT08.S3(NOx)": 0.24438797119864464, "NO2": 0.15088757396449703, "PT08.S4(NO2)": 0.447841726618705, "PT08.S5(O3)": 0.14813205907906168, "T": 0.8279569892473119, "RH": 0.2389937106918239, "AH": 0.739041196305527, "Target": NaN, "timestamp": "2025-09-23T02:00:39.818287"}
2025-09-23 02:00:40,824 - INFO - Producing message: {"CO": 0.5, "PT08.S1(CO)": 0.4637473079684135, "NMHC": 0.17919781403769897, "Benzene": 0.5, "PT08.S2(NMHC)": 0.4112506826870563, "NOx": 5.0, "PT08.S3(NOx)": 0.13087674714104194, "NO2": 0.4970414201183432, "PT08.S4(NO2)": 0.3660071942446043, "PT08.S5(O3)": 0.45916594265855776, "T": 0.15268817204301074, "RH": 0.9295597484276729, "AH": 0.2719053902164883, "Target": NaN, "timestamp": "2025-09-23T02:00:40.824788"}
2025-09-23 02:00:41,834 - INFO - Producing message: {"CO": 0.5, "PT08.S1(CO)": 0.5348169418521177, "NMHC": 0.17919781403769897, "Benzene": 0.5, "PT08.S2(NMHC)": 0.5144729655925724, "NOx": 5.0, "PT08.S3(NOx)": 0.08005082592121983, "NO2": 0.5680473372781065, "PT08.S4(NO2)": 0.4856115107913669, "PT08.S5(O3)": 0.5403996524761078, "T": 0.2817204301075269, "RH": 0.89937106918239, "AH": 0.43204808679079315, "Target": NaN, "timestamp": "2025-09-23T02:00:41.834063"}
2025-09-23 02:00:42,844 - INFO - Producing message: {"CO": 0.5, "PT08.S1(CO)": 0.325077650035774, "NMHC": 0.17919781403769897, "Benzene": 0.5, "PT08.S2(NMHC)": 0.3037429686498198, "NOx": 5.0, "PT08.S3(NOx)": 0.21748987916807577, "NO2": 0.34615384615384615, "PT08.S4(NO2)": 0.40704343432161183, "PT08.S5(O3)": 0.3483519236970342, "T": 0.434792020216154, "RH": 0.5035748536796756, "AH": 0.41090273895282386, "Target": NaN, "timestamp": "2025-09-23T02:00:42.844130"}
2025-09-23 02:00:43,852 - INFO - Producing message: {"CO": 0.5, "PT08.S1(CO)": 0.2756640344580043, "NMHC": 0.17919781403769897, "Benzene": 0.5, "PT08.S2(NMHC)": 0.2829055161114145, "NOx": 5.0, "PT08.S3(NOx)": 0.19186785260482847, "NO2": 0.32867233967488213, "PT08.S4(NO2)": 0.42760791366906475, "PT08.S5(O3)": 0.17680278019113815, "T": 0.7612903225806451, "RH": 0.2490566037735849, "AH": 0.6328495333040121, "Target": NaN, "timestamp": "2025-09-23T02:00:43.852502"}
2025-09-23 02:00:44,855 - INFO - Producing message: {"CO": 0.5, "PT08.S1(CO)": 0.33237616654702085, "NMHC": 0.17919781403769897, "Benzene": 0.5, "PT08.S2(NMHC)": 0.3615510649918078, "NOx": 5.0, "PT08.S3(NOx)": 0.15501905972045743, "NO2": 0.3343195266272189, "PT08.S4(NO2)": 0.4887589928057554, "PT08.S5(O3)": 0.3635968722849696, "T": 0.5440860215053763, "RH": 0.6377358490566039, "AH": 0.7401163074817964, "Target": NaN, "timestamp": "2025-09-23T02:00:44.855275"}
2025-09-23 02:00:45,864 - INFO - Producing message: {"CO": 0.5, "PT08.S1(CO)": 0.5032304379038047, "NMHC": 0.17919781403769897, "Benzene": 0.5, "PT08.S2(NMHC)": 0.5264882577826324, "NOx": 5.0, "PT08.S3(NOx)": 0.11732316814908937, "NO2": 0.6834319526627219, "PT08.S4(NO2)": 0.6079136690647482, "PT08.S5(O3)": 0.6038227628149435, "T": 0.8344086021505376, "RH": 0.10943396226415093, "AH": 0.44534037042466895, "Target": NaN, "timestamp": "2025-09-23T02:00:45.864801"}
2025-09-23 02:00:46,875 - INFO - Producing message: {"CO": 0.5, "PT08.S1(CO)": 0.10768126346015794, "NMHC": 0.17919781403769897, "Benzene": 0.5, "PT08.S2(NMHC)": 0.08738394320043692, "NOx": 5.0, "PT08.S3(NOx)": 0.38670055061414654, "NO2": 0.17159763313609466, "PT08.S4(NO2)": 0.22302158273381295, "PT08.S5(O3)": 0.18549087749782797, "T": 0.3096774193548387, "RH": 0.7132075471698114, "AH": 0.37560475003665156, "Target": NaN, "timestamp": "2025-09-23T02:00:46.875701"}
2025-09-23 02:00:47,885 - INFO - Producing message: {"CO": 0.5, "PT08.S1(CO)": 0.18664752333094042, "NMHC": 0.17919781403769897, "Benzene": 0.5, "PT08.S2(NMHC)": 0.1758601856908793, "NOx": 5.0, "PT08.S3(NOx)": 0.28504870817450234, "NO2": 0.378698224852071, "PT08.S4(NO2)": 0.147931654676259, "PT08.S5(O3)": 0.2371850564726325, "T": 0.1913978494623656, "RH": 0.4062893081761006, "AH": 0.11464594634217856, "Target": NaN, "timestamp": "2025-09-23T02:00:47.885335"}
2025-09-23 02:03:14,480 - INFO - Producing message: {"CO": 0.5, "PT08.S1(CO)": 0.09260588657573582, "NMHC": 0.17919781403769897, "Benzene": 0.5, "PT08.S2(NMHC)": 0.03386127799016931, "NOx": 5.0, "PT08.S3(NOx)": 0.481999152901313, "NO2": 0.09467455621301775, "PT08.S4(NO2)": 0.08363309352517985, "PT08.S5(O3)": 0.0473501303214596, "T": 0.07096774193548387, "RH": 0.561006289308176, "AH": 0.0899183892879832, "Target": NaN, "timestamp": "2025-09-23T02:03:14.480676"}
2025-09-23 02:03:15,491 - INFO - Producing message: {"CO": 0.5, "PT08.S1(CO)": 0.4278535534816942, "NMHC": 0.17919781403769897, "Benzene": 0.5, "PT08.S2(NMHC)": 0.5712725286728564, "NOx": 5.0, "PT08.S3(NOx)": 0.15459551037695893, "NO2": 0.47041420118343197, "PT08.S4(NO2)": 0.6933453237410072, "PT08.S5(O3)": 0.49782797567332754, "T": 0.6, "RH": 0.319496855345912, "AH": 0.47099643258564244, "Target": NaN, "timestamp": "2025-09-23T02:03:15.491250"}
2025-09-23 02:03:15,491 - INFO - Message delivered to air_quality_data [1] at offset 106
2025-09-23 02:03:16,501 - INFO - Producing message: {"CO": 0.5, "PT08.S1(CO)": 0.27351040918880115, "NMHC": 0.17919781403769897, "Benzene": 0.5, "PT08.S2(NMHC)": 0.2446750409612234, "NOx": 5.0, "PT08.S3(NOx)": 0.1901736552308344, "NO2": 0.39644970414201186, "PT08.S4(NO2)": 0.2302158273381295, "PT08.S5(O3)": 0.3618592528236316, "T": 0.1139784946236559, "RH": 0.781132075471698, "AH": 0.18467477886917852, "Target": NaN, "timestamp": "2025-09-23T02:03:16.501037"}
2025-09-23 02:03:16,501 - INFO - Message delivered to air_quality_data [1] at offset 107
2025-09-23 02:03:17,511 - INFO - Producing message: {"CO": 0.5, "PT08.S1(CO)": 0.2785355348169419, "NMHC": 0.17919781403769897, "Benzene": 0.5, "PT08.S2(NMHC)": 0.4139814309120699, "NOx": 5.0, "PT08.S3(NOx)": 0.1473951715374841, "NO2": 0.5857988165680473, "PT08.S4(NO2)": 0.2099820143884892, "PT08.S5(O3)": 0.42354474370112943, "T": 0.2645161290322581, "RH": 0.11069182389937107, "AH": 0.020622587108439616, "Target": NaN, "timestamp": "2025-09-23T02:03:17.511317"}
2025-09-23 02:03:17,512 - INFO - Message delivered to air_quality_data [1] at offset 108
2025-09-23 02:03:18,515 - INFO - Producing message: {"CO": 0.5, "PT08.S1(CO)": 0.3280689160086145, "NMHC": 0.17919781403769897, "Benzene": 0.5, "PT08.S2(NMHC)": 0.3926815947569634, "NOx": 5.0, "PT08.S3(NOx)": 0.1473951715374841, "NO2": 0.32867233967488213, "PT08.S4(NO2)": 0.47571942446043164, "PT08.S5(O3)": 0.5469157254561251, "T": 0.8494623655913979, "RH": 0.1308176100628931, "AH": 0.5222596882177589, "Target": NaN, "timestamp": "2025-09-23T02:03:18.515726"}
2025-09-23 02:03:18,515 - INFO - Message delivered to air_quality_data [1] at offset 109
2025-09-23 02:03:19,521 - INFO - Message delivered to air_quality_data [1] at offset 110
2025-09-23 03:49:39,512 - INFO - Producing message: {"CO": 0.5, "PT08.S1(CO)": 0.33520265516882597, "NMHC": 0.1845419690624625, "Benzene": 0.5, "PT08.S2(NMHC)": 0.35756891241534783, "NOx": 5.0, "PT08.S3(NOx)": 0.21335852778906225, "NO2": 0.3190101041185823, "PT08.S4(NO2)": 0.4189371290408143, "PT08.S5(O3)": 0.349633665216809, "T": 0.4635492205836912, "RH": 0.5107000271486049, "AH": 0.43467727377449605, "Target": NaN, "timestamp": "2025-09-23T03:49:39.512479"}
2025-09-23 03:49:40,521 - INFO - Producing message: {"CO": 0.5, "PT08.S1(CO)": 0.33520265516882597, "NMHC": 0.1845419690624625, "Benzene": 0.5, "PT08.S2(NMHC)": 0.35756891241534783, "NOx": 5.0, "PT08.S3(NOx)": 0.21335852778906225, "NO2": 0.3190101041185823, "PT08.S4(NO2)": 0.4189371290408143, "PT08.S5(O3)": 0.349633665216809, "T": 0.4635492205836912, "RH": 0.5107000271486049, "AH": 0.43467727377449605, "Target": NaN, "timestamp": "2025-09-23T03:49:40.521732"}
2025-09-23 03:49:40,522 - INFO - Message delivered to air_quality_data [1] at offset 191
2025-09-23 03:49:41,531 - INFO - Producing message: {"CO": 0.5, "PT08.S1(CO)": 0.33520265516882597, "NMHC": 0.1845419690624625, "Benzene": 0.5, "PT08.S2(NMHC)": 0.35756891241534783, "NOx": 5.0, "PT08.S3(NOx)": 0.21335852778906225, "NO2": 0.3190101041185823, "PT08.S4(NO2)": 0.4189371290408143, "PT08.S5(O3)": 0.349633665216809, "T": 0.4635492205836912, "RH": 0.5107000271486049, "AH": 0.43467727377449605, "Target": NaN, "timestamp": "2025-09-23T03:49:41.531417"}
2025-09-23 03:49:41,531 - INFO - Message delivered to air_quality_data [1] at offset 192
2025-09-23 03:49:42,541 - INFO - Producing message: {"CO": 0.5, "PT08.S1(CO)": 0.33520265516882597, "NMHC": 0.1845419690624625, "Benzene": 0.5, "PT08.S2(NMHC)": 0.35756891241534783, "NOx": 5.0, "PT08.S3(NOx)": 0.21335852778906225, "NO2": 0.3190101041185823, "PT08.S4(NO2)": 0.4189371290408143, "PT08.S5(O3)": 0.349633665216809, "T": 0.4635492205836912, "RH": 0.5107000271486049, "AH": 0.43467727377449605, "Target": NaN, "timestamp": "2025-09-23T03:49:42.541815"}
2025-09-23 03:49:42,542 - INFO - Message delivered to air_quality_data [1] at offset 193
2025-09-23 03:49:43,550 - INFO - Producing message: {"CO": 0.5, "PT08.S1(CO)": 0.33520265516882597, "NMHC": 0.1845419690624625, "Benzene": 0.5, "PT08.S2(NMHC)": 0.35756891241534783, "NOx": 5.0, "PT08.S3(NOx)": 0.21335852778906225, "NO2": 0.3190101041185823, "PT08.S4(NO2)": 0.4189371290408143, "PT08.S5(O3)": 0.349633665216809, "T": 0.4635492205836912, "RH": 0.5107000271486049, "AH": 0.43467727377449605, "Target": NaN, "timestamp": "2025-09-23T03:49:43.550609"}
2025-09-23 03:49:43,551 - INFO - Message delivered to air_quality_data [1] at offset 194
2025-09-23 03:49:44,554 - INFO - Message delivered to air_quality_data [1] at offset 195
2025-09-23 03:52:51,513 - INFO - Producing message: {"CO": 0.5, "PT08.S1(CO)": 0.3809135399673736, "NMHC": 0.1845419690624625, "Benzene": 0.5, "PT08.S2(NMHC)": 0.4877260981912145, "NOx": 5.0, "PT08.S3(NOx)": 0.24585987261146497, "NO2": 0.41194029850746267, "PT08.S4(NO2)": 0.42779043280182233, "PT08.S5(O3)": 0.4208006962576153, "T": 0.8269662921348314, "RH": 0.1125158027812895, "AH": 0.4076626105654107, "Target": NaN, "timestamp": "2025-09-23T03:52:51.513319"}
2025-09-23 03:52:52,521 - INFO - Producing message: {"CO": 0.5, "PT08.S1(CO)": 0.33520265516882597, "NMHC": 0.1845419690624625, "Benzene": 0.5, "PT08.S2(NMHC)": 0.35756891241534783, "NOx": 5.0, "PT08.S3(NOx)": 0.21335852778906225, "NO2": 0.3190101041185823, "PT08.S4(NO2)": 0.4189371290408143, "PT08.S5(O3)": 0.349633665216809, "T": 0.4635492205836912, "RH": 0.5107000271486049, "AH": 0.43467727377449605, "Target": NaN, "timestamp": "2025-09-23T03:52:52.521184"}
2025-09-23 03:52:52,521 - INFO - Message delivered to air_quality_data [1] at offset 196
2025-09-23 03:52:53,523 - INFO - Producing message: {"CO": 0.5, "PT08.S1(CO)": 0.33520265516882597, "NMHC": 0.1845419690624625, "Benzene": 0.5, "PT08.S2(NMHC)": 0.35756891241534783, "NOx": 5.0, "PT08.S3(NOx)": 0.21335852778906225, "NO2": 0.3190101041185823, "PT08.S4(NO2)": 0.4189371290408143, "PT08.S5(O3)": 0.349633665216809, "T": 0.4635492205836912, "RH": 0.5107000271486049, "AH": 0.43467727377449605, "Target": NaN, "timestamp": "2025-09-23T03:52:53.523246"}
2025-09-23 03:52:53,523 - INFO - Message delivered to air_quality_data [1] at offset 197
2025-09-23 03:52:54,524 - INFO - Message delivered to air_quality_data [1] at offset 198
2025-09-23 04:12:13,581 - INFO - Produced message: {"CO": 0.5, "PT08.S1(CO)": 0.33520265516882597, "NMHC": 0.1845419690624625, "Benzene": 0.5, "PT08.S2(NMHC)": 0.35756891241534783, "NOx": 5.0, "PT08.S3(NOx)": 0.21335852778906225, "NO2": 0.3190101041185823, "PT08.S4(NO2)": 0.4189371290408143, "PT08.S5(O3)": 0.349633665216809, "T": 0.4635492205836912, "RH": 0.5107000271486049, "AH": 0.43467727377449605, "Target": NaN, "timestamp": "2025-09-23T04:12:13.581527"}
2025-09-23 04:12:14,587 - INFO - Produced message: {"CO": 0.5, "PT08.S1(CO)": 0.33520265516882597, "NMHC": 0.1845419690624625, "Benzene": 0.5, "PT08.S2(NMHC)": 0.35756891241534783, "NOx": 5.0, "PT08.S3(NOx)": 0.21335852778906225, "NO2": 0.3190101041185823, "PT08.S4(NO2)": 0.4189371290408143, "PT08.S5(O3)": 0.349633665216809, "T": 0.4635492205836912, "RH": 0.5107000271486049, "AH": 0.43467727377449605, "Target": NaN, "timestamp": "2025-09-23T04:12:14.587759"}
2025-09-23 04:12:14,588 - INFO - Message delivered to air_quality_data [1] at offset 204
2025-09-23 04:12:15,594 - INFO - Produced message: {"CO": 0.5, "PT08.S1(CO)": 0.33520265516882597, "NMHC": 0.1845419690624625, "Benzene": 0.5, "PT08.S2(NMHC)": 0.35756891241534783, "NOx": 5.0, "PT08.S3(NOx)": 0.21335852778906225, "NO2": 0.3190101041185823, "PT08.S4(NO2)": 0.4189371290408143, "PT08.S5(O3)": 0.349633665216809, "T": 0.4635492205836912, "RH": 0.5107000271486049, "AH": 0.43467727377449605, "Target": NaN, "timestamp": "2025-09-23T04:12:15.594822"}
2025-09-23 04:12:15,595 - INFO - Message delivered to air_quality_data [1] at offset 205
2025-09-23 04:12:16,595 - INFO - Message delivered to air_quality_data [1] at offset 206
2025-09-23 04:28:58,296 - WARNING - Failed to fetch UCI dataset: Error reading data csv file for "Air Quality" dataset (id=360).; using synthetic fallback dataset
2025-09-23 04:28:59,510 - WARNING - Failed to fetch UCI dataset: Error reading data csv file for "Air Quality" dataset (id=360).; using synthetic fallback dataset
2025-09-23 04:28:59,558 INFO {"event": "produced", "message": "{\"CO\": 0.5, \"Benzene\": 0.8129587199566223, \"NOx\": 5.0, \"NO2\": 0.2454446306356248, \"NMHC\": 0.1594285876808054, \"Target\": NaN, \"timestamp\": \"2025-09-23T04:28:59.558362\"}"}
2025-09-23 04:28:59,558 - INFO - {"event": "produced", "message": "{\"CO\": 0.5, \"Benzene\": 0.8129587199566223, \"NOx\": 5.0, \"NO2\": 0.2454446306356248, \"NMHC\": 0.1594285876808054, \"Target\": NaN, \"timestamp\": \"2025-09-23T04:28:59.558362\"}"}
2025-09-23 04:28:59,765 INFO {"event": "produced", "message": "{\"CO\": 0.5, \"Benzene\": 0.5, \"NOx\": 5.0, \"NO2\": 0.5146776687079078, \"NMHC\": 0.6864095148822414, \"Target\": NaN, \"timestamp\": \"2025-09-23T04:28:59.765642\"}"}
2025-09-23 04:28:59,765 - INFO - {"event": "produced", "message": "{\"CO\": 0.5, \"Benzene\": 0.5, \"NOx\": 5.0, \"NO2\": 0.5146776687079078, \"NMHC\": 0.6864095148822414, \"Target\": NaN, \"timestamp\": \"2025-09-23T04:28:59.765642\"}"}
2025-09-23 04:28:59,766 INFO {"event": "delivered", "topic": "air_quality_data", "partition": 1, "offset": 207}
2025-09-23 04:28:59,766 - INFO - {"event": "delivered", "topic": "air_quality_data", "partition": 1, "offset": 207}
2025-09-23 04:28:59,968 INFO {"event": "produced", "message": "{\"CO\": 0.8313894433488921, \"Benzene\": 0.6197733019353999, \"NOx\": 5.0, \"NO2\": 0.25976220891240487, \"NMHC\": 0.5333095553463166, \"Target\": NaN, \"timestamp\": \"2025-09-23T04:28:59.968593\"}"}
2025-09-23 04:28:59,968 - INFO - {"event": "produced", "message": "{\"CO\": 0.8313894433488921, \"Benzene\": 0.6197733019353999, \"NOx\": 5.0, \"NO2\": 0.25976220891240487, \"NMHC\": 0.5333095553463166, \"Target\": NaN, \"timestamp\": \"2025-09-23T04:28:59.968593\"}"}
2025-09-23 04:28:59,968 INFO {"event": "delivered", "topic": "air_quality_data", "partition": 1, "offset": 208}
2025-09-23 04:28:59,968 - INFO - {"event": "delivered", "topic": "air_quality_data", "partition": 1, "offset": 208}
2025-09-23 04:29:00,172 INFO {"event": "produced", "message": "{\"CO\": 0.6338007141433128, \"Benzene\": 0.5, \"NOx\": 5.0, \"NO2\": 0.039813019948796484, \"NMHC\": 0.27332199246498273, \"Target\": NaN, \"timestamp\": \"2025-09-23T04:29:00.172764\"}"}
2025-09-23 04:29:00,172 - INFO - {"event": "produced", "message": "{\"CO\": 0.6338007141433128, \"Benzene\": 0.5, \"NOx\": 5.0, \"NO2\": 0.039813019948796484, \"NMHC\": 0.27332199246498273, \"Target\": NaN, \"timestamp\": \"2025-09-23T04:29:00.172764\"}"}
2025-09-23 04:29:00,173 INFO {"event": "delivered", "topic": "air_quality_data", "partition": 1, "offset": 209}
2025-09-23 04:29:00,173 - INFO - {"event": "delivered", "topic": "air_quality_data", "partition": 1, "offset": 209}
2025-09-23 04:29:00,376 INFO {"event": "produced", "message": "{\"CO\": 0.5, \"Benzene\": 0.803437305417826, \"NOx\": 5.0, \"NO2\": 0.4894876176188769, \"NMHC\": 0.2451418356591616, \"Target\": NaN, \"timestamp\": \"2025-09-23T04:29:00.376408\"}"}
2025-09-23 04:29:00,376 - INFO - {"event": "produced", "message": "{\"CO\": 0.5, \"Benzene\": 0.803437305417826, \"NOx\": 5.0, \"NO2\": 0.4894876176188769, \"NMHC\": 0.2451418356591616, \"Target\": NaN, \"timestamp\": \"2025-09-23T04:29:00.376408\"}"}
2025-09-23 04:29:00,376 INFO {"event": "delivered", "topic": "air_quality_data", "partition": 1, "offset": 210}
2025-09-23 04:29:00,376 - INFO - {"event": "delivered", "topic": "air_quality_data", "partition": 1, "offset": 210}
2025-09-23 04:29:00,584 INFO {"event": "produced", "message": "{\"CO\": 0.8977696053615293, \"Benzene\": 0.5, \"NOx\": 5.0, \"NO2\": 0.773630427453941, \"NMHC\": 0.5343545953487162, \"Target\": NaN, \"timestamp\": \"2025-09-23T04:29:00.584376\"}"}
2025-09-23 04:29:00,584 - INFO - {"event": "produced", "message": "{\"CO\": 0.8977696053615293, \"Benzene\": 0.5, \"NOx\": 5.0, \"NO2\": 0.773630427453941, \"NMHC\": 0.5343545953487162, \"Target\": NaN, \"timestamp\": \"2025-09-23T04:29:00.584376\"}"}
2025-09-23 04:29:00,584 INFO {"event": "delivered", "topic": "air_quality_data", "partition": 1, "offset": 211}
2025-09-23 04:29:00,584 - INFO - {"event": "delivered", "topic": "air_quality_data", "partition": 1, "offset": 211}
2025-09-23 04:29:00,790 INFO {"event": "produced", "message": "{\"CO\": 0.7028787002802466, \"Benzene\": 0.5, \"NOx\": 5.0, \"NO2\": 0.32206111778858976, \"NMHC\": 0.2594506270082681, \"Target\": NaN, \"timestamp\": \"2025-09-23T04:29:00.790506\"}"}
2025-09-23 04:29:00,790 - INFO - {"event": "produced", "message": "{\"CO\": 0.7028787002802466, \"Benzene\": 0.5, \"NOx\": 5.0, \"NO2\": 0.32206111778858976, \"NMHC\": 0.2594506270082681, \"Target\": NaN, \"timestamp\": \"2025-09-23T04:29:00.790506\"}"}
2025-09-23 04:29:00,790 INFO {"event": "delivered", "topic": "air_quality_data", "partition": 1, "offset": 212}
2025-09-23 04:29:00,790 - INFO - {"event": "delivered", "topic": "air_quality_data", "partition": 1, "offset": 212}
2025-09-23 04:29:00,998 INFO {"event": "produced", "message": "{\"CO\": 0.7034451578039427, \"Benzene\": 0.5, \"NOx\": 5.0, \"NO2\": 0.047849778543512675, \"NMHC\": 0.5225934229427062, \"Target\": NaN, \"timestamp\": \"2025-09-23T04:29:00.998308\"}"}
2025-09-23 04:29:00,998 - INFO - {"event": "produced", "message": "{\"CO\": 0.7034451578039427, \"Benzene\": 0.5, \"NOx\": 5.0, \"NO2\": 0.047849778543512675, \"NMHC\": 0.5225934229427062, \"Target\": NaN, \"timestamp\": \"2025-09-23T04:29:00.998308\"}"}
2025-09-23 04:29:00,998 INFO {"event": "delivered", "topic": "air_quality_data", "partition": 1, "offset": 213}
2025-09-23 04:29:00,998 - INFO - {"event": "delivered", "topic": "air_quality_data", "partition": 1, "offset": 213}
2025-09-23 04:29:01,203 INFO {"event": "produced", "message": "{\"CO\": 0.7827521027184725, \"Benzene\": 0.5, \"NOx\": 5.0, \"NO2\": 0.979121628282744, \"NMHC\": 0.841459280934991, \"Target\": NaN, \"timestamp\": \"2025-09-23T04:29:01.203475\"}"}
2025-09-23 04:29:01,203 - INFO - {"event": "produced", "message": "{\"CO\": 0.7827521027184725, \"Benzene\": 0.5, \"NOx\": 5.0, \"NO2\": 0.979121628282744, \"NMHC\": 0.841459280934991, \"Target\": NaN, \"timestamp\": \"2025-09-23T04:29:01.203475\"}"}
2025-09-23 04:29:01,204 INFO {"event": "delivered", "topic": "air_quality_data", "partition": 1, "offset": 214}
2025-09-23 04:29:01,204 - INFO - {"event": "delivered", "topic": "air_quality_data", "partition": 1, "offset": 214}
2025-09-23 04:29:01,404 INFO {"event": "produced", "message": "{\"CO\": 0.5, \"Benzene\": 0.5, \"NOx\": 5.0, \"NO2\": 0.20124701835808717, \"NMHC\": 0.6048737201809778, \"Target\": NaN, \"timestamp\": \"2025-09-23T04:29:01.404832\"}"}
2025-09-23 04:29:01,404 - INFO - {"event": "produced", "message": "{\"CO\": 0.5, \"Benzene\": 0.5, \"NOx\": 5.0, \"NO2\": 0.20124701835808717, \"NMHC\": 0.6048737201809778, \"Target\": NaN, \"timestamp\": \"2025-09-23T04:29:01.404832\"}"}
2025-09-23 04:29:01,404 INFO {"event": "delivered", "topic": "air_quality_data", "partition": 1, "offset": 215}
2025-09-23 04:29:01,404 - INFO - {"event": "delivered", "topic": "air_quality_data", "partition": 1, "offset": 215}
2025-09-23 04:29:01,607 INFO {"event": "delivered", "topic": "air_quality_data", "partition": 1, "offset": 216}
2025-09-23 04:29:01,607 - INFO - {"event": "delivered", "topic": "air_quality_data", "partition": 1, "offset": 216}
2025-09-23 04:31:21,410 - WARNING - Failed to fetch UCI dataset: Error reading data csv file for "Air Quality" dataset (id=360).; using synthetic fallback dataset
2025-09-23 04:31:22,233 - WARNING - Failed to fetch UCI dataset: Error reading data csv file for "Air Quality" dataset (id=360).; using synthetic fallback dataset
2025-09-23 04:31:22,304 INFO {"event": "produced", "message": {"timestamp": "2025-09-14T21:00:00", "CO": 0.7782572917921659, "Benzene": 0.7852606902250504, "NOx": 5.0, "NO2": 0.47746154351355685, "NMHC": 0.7429134639268647, "Target": NaN}}
2025-09-23 04:31:22,304 - INFO - {"event": "produced", "message": {"timestamp": "2025-09-14T21:00:00", "CO": 0.7782572917921659, "Benzene": 0.7852606902250504, "NOx": 5.0, "NO2": 0.47746154351355685, "NMHC": 0.7429134639268647, "Target": NaN}}
2025-09-23 04:31:23,308 INFO {"event": "produced", "message": {"timestamp": "2025-09-14T22:00:00", "CO": 0.5, "Benzene": 0.9848048030949148, "NOx": 5.0, "NO2": 0.7620968875354637, "NMHC": 0.31768458584201487, "Target": NaN}}
2025-09-23 04:31:23,308 - INFO - {"event": "produced", "message": {"timestamp": "2025-09-14T22:00:00", "CO": 0.5, "Benzene": 0.9848048030949148, "NOx": 5.0, "NO2": 0.7620968875354637, "NMHC": 0.31768458584201487, "Target": NaN}}
2025-09-23 04:37:23,336 INFO {"event": "produced", "message": {"timestamp": "2025-09-14T23:00:00", "CO": 0.8641869658836762, "Benzene": 0.5013076393910171, "NOx": 5.0, "NO2": 0.9043463537368364, "NMHC": 0.895718654889836, "Target": NaN}}
2025-09-23 04:37:23,336 - INFO - {"event": "produced", "message": {"timestamp": "2025-09-14T23:00:00", "CO": 0.8641869658836762, "Benzene": 0.5013076393910171, "NOx": 5.0, "NO2": 0.9043463537368364, "NMHC": 0.895718654889836, "Target": NaN}}
2025-09-23 04:43:49,860 - WARNING - Failed to fetch UCI dataset: Error reading data csv file for "Air Quality" dataset (id=360).; using synthetic fallback dataset
2025-09-23 04:43:55,282 - WARNING - Failed to fetch UCI dataset: Error reading data csv file for "Air Quality" dataset (id=360).; using synthetic fallback dataset
2025-09-23 04:43:55,347 INFO {"event": "produced", "message": "{\"CO\": 0.5, \"Benzene\": 0.5672088232414543, \"NOx\": 5.0, \"NO2\": 0.2418519274329979, \"NMHC\": 0.24467519226622228, \"Target\": NaN, \"timestamp\": \"2025-09-23T04:43:55.347725\"}"}
2025-09-23 04:43:55,347 - INFO - {"event": "produced", "message": "{\"CO\": 0.5, \"Benzene\": 0.5672088232414543, \"NOx\": 5.0, \"NO2\": 0.2418519274329979, \"NMHC\": 0.24467519226622228, \"Target\": NaN, \"timestamp\": \"2025-09-23T04:43:55.347725\"}"}
2025-09-23 04:43:55,856 INFO {"event": "produced", "message": "{\"CO\": 0.8374481201559447, \"Benzene\": 0.6093559985475524, \"NOx\": 5.0, \"NO2\": 0.6222138319399823, \"NMHC\": 0.09259097924327261, \"Target\": NaN, \"timestamp\": \"2025-09-23T04:43:55.856225\"}"}
2025-09-23 04:43:55,856 - INFO - {"event": "produced", "message": "{\"CO\": 0.8374481201559447, \"Benzene\": 0.6093559985475524, \"NOx\": 5.0, \"NO2\": 0.6222138319399823, \"NMHC\": 0.09259097924327261, \"Target\": NaN, \"timestamp\": \"2025-09-23T04:43:55.856225\"}"}
2025-09-23 04:43:55,857 INFO {"event": "delivered", "topic": "air_quality_data", "partition": 1, "offset": 220}
2025-09-23 04:43:55,857 - INFO - {"event": "delivered", "topic": "air_quality_data", "partition": 1, "offset": 220}
2025-09-23 04:43:56,363 INFO {"event": "produced", "message": "{\"CO\": 0.8803939765081863, \"Benzene\": 0.5, \"NOx\": 5.0, \"NO2\": 0.16466465942842792, \"NMHC\": 0.0, \"Target\": NaN, \"timestamp\": \"2025-09-23T04:43:56.363327\"}"}
2025-09-23 04:43:56,363 - INFO - {"event": "produced", "message": "{\"CO\": 0.8803939765081863, \"Benzene\": 0.5, \"NOx\": 5.0, \"NO2\": 0.16466465942842792, \"NMHC\": 0.0, \"Target\": NaN, \"timestamp\": \"2025-09-23T04:43:56.363327\"}"}
2025-09-23 04:43:56,363 INFO {"event": "delivered", "topic": "air_quality_data", "partition": 1, "offset": 221}
2025-09-23 04:43:56,363 - INFO - {"event": "delivered", "topic": "air_quality_data", "partition": 1, "offset": 221}
2025-09-23 04:43:56,869 INFO {"event": "produced", "message": "{\"CO\": 0.5, \"Benzene\": 0.5369153331444348, \"NOx\": 5.0, \"NO2\": 0.9609338896626876, \"NMHC\": 0.5449274303485647, \"Target\": NaN, \"timestamp\": \"2025-09-23T04:43:56.869031\"}"}
2025-09-23 04:43:56,869 - INFO - {"event": "produced", "message": "{\"CO\": 0.5, \"Benzene\": 0.5369153331444348, \"NOx\": 5.0, \"NO2\": 0.9609338896626876, \"NMHC\": 0.5449274303485647, \"Target\": NaN, \"timestamp\": \"2025-09-23T04:43:56.869031\"}"}
2025-09-23 04:43:56,869 INFO {"event": "delivered", "topic": "air_quality_data", "partition": 1, "offset": 222}
2025-09-23 04:43:56,869 - INFO - {"event": "delivered", "topic": "air_quality_data", "partition": 1, "offset": 222}
2025-09-23 04:43:57,374 INFO {"event": "produced", "message": "{\"CO\": 0.720323191078082, \"Benzene\": 0.5, \"NOx\": 5.0, \"NO2\": 0.5616546793143448, \"NMHC\": 0.6560759268317847, \"Target\": NaN, \"timestamp\": \"2025-09-23T04:43:57.374867\"}"}
2025-09-23 04:43:57,374 - INFO - {"event": "produced", "message": "{\"CO\": 0.720323191078082, \"Benzene\": 0.5, \"NOx\": 5.0, \"NO2\": 0.5616546793143448, \"NMHC\": 0.6560759268317847, \"Target\": NaN, \"timestamp\": \"2025-09-23T04:43:57.374867\"}"}
2025-09-23 04:43:57,375 INFO {"event": "delivered", "topic": "air_quality_data", "partition": 1, "offset": 223}
2025-09-23 04:43:57,375 - INFO - {"event": "delivered", "topic": "air_quality_data", "partition": 1, "offset": 223}
2025-09-23 04:43:57,883 INFO {"event": "produced", "message": "{\"CO\": 0.9764478440623628, \"Benzene\": 0.5151445322050253, \"NOx\": 5.0, \"NO2\": 0.8752604320641423, \"NMHC\": 0.4835052371247551, \"Target\": NaN, \"timestamp\": \"2025-09-23T04:43:57.883283\"}"}
2025-09-23 04:43:57,883 - INFO - {"event": "produced", "message": "{\"CO\": 0.9764478440623628, \"Benzene\": 0.5151445322050253, \"NOx\": 5.0, \"NO2\": 0.8752604320641423, \"NMHC\": 0.4835052371247551, \"Target\": NaN, \"timestamp\": \"2025-09-23T04:43:57.883283\"}"}
2025-09-23 04:43:57,884 INFO {"event": "delivered", "topic": "air_quality_data", "partition": 1, "offset": 224}
2025-09-23 04:43:57,884 - INFO - {"event": "delivered", "topic": "air_quality_data", "partition": 1, "offset": 224}
2025-09-23 04:43:58,390 INFO {"event": "produced", "message": "{\"CO\": 0.5, \"Benzene\": 0.6571545620697109, \"NOx\": 5.0, \"NO2\": 0.039945482759582936, \"NMHC\": 0.2532104728649926, \"Target\": NaN, \"timestamp\": \"2025-09-23T04:43:58.390330\"}"}
2025-09-23 04:43:58,390 - INFO - {"event": "produced", "message": "{\"CO\": 0.5, \"Benzene\": 0.6571545620697109, \"NOx\": 5.0, \"NO2\": 0.039945482759582936, \"NMHC\": 0.2532104728649926, \"Target\": NaN, \"timestamp\": \"2025-09-23T04:43:58.390330\"}"}
2025-09-23 04:43:58,390 INFO {"event": "delivered", "topic": "air_quality_data", "partition": 1, "offset": 225}
2025-09-23 04:43:58,390 - INFO - {"event": "delivered", "topic": "air_quality_data", "partition": 1, "offset": 225}
2025-09-23 04:43:58,898 INFO {"event": "produced", "message": "{\"CO\": 0.5, \"Benzene\": 0.8386551639277446, \"NOx\": 5.0, \"NO2\": 0.740040880153016, \"NMHC\": 0.010252767910650877, \"Target\": NaN, \"timestamp\": \"2025-09-23T04:43:58.898652\"}"}
2025-09-23 04:43:58,898 - INFO - {"event": "produced", "message": "{\"CO\": 0.5, \"Benzene\": 0.8386551639277446, \"NOx\": 5.0, \"NO2\": 0.740040880153016, \"NMHC\": 0.010252767910650877, \"Target\": NaN, \"timestamp\": \"2025-09-23T04:43:58.898652\"}"}
2025-09-23 04:43:58,899 INFO {"event": "delivered", "topic": "air_quality_data", "partition": 1, "offset": 226}
2025-09-23 04:43:58,899 - INFO - {"event": "delivered", "topic": "air_quality_data", "partition": 1, "offset": 226}
2025-09-23 04:43:59,406 INFO {"event": "produced", "message": "{\"CO\": 0.5, \"Benzene\": 0.5, \"NOx\": 5.0, \"NO2\": 0.0035170868645613977, \"NMHC\": 0.322103916219616, \"Target\": NaN, \"timestamp\": \"2025-09-23T04:43:59.405975\"}"}
2025-09-23 04:43:59,406 - INFO - {"event": "produced", "message": "{\"CO\": 0.5, \"Benzene\": 0.5, \"NOx\": 5.0, \"NO2\": 0.0035170868645613977, \"NMHC\": 0.322103916219616, \"Target\": NaN, \"timestamp\": \"2025-09-23T04:43:59.405975\"}"}
2025-09-23 04:43:59,406 INFO {"event": "delivered", "topic": "air_quality_data", "partition": 1, "offset": 227}
2025-09-23 04:43:59,406 - INFO - {"event": "delivered", "topic": "air_quality_data", "partition": 1, "offset": 227}
2025-09-23 04:43:59,911 INFO {"event": "produced", "message": "{\"CO\": 0.7831250996050698, \"Benzene\": 0.8675402051320814, \"NOx\": 5.0, \"NO2\": 0.282717750986946, \"NMHC\": 0.9656568117050102, \"Target\": NaN, \"timestamp\": \"2025-09-23T04:43:59.910950\"}"}
2025-09-23 04:43:59,911 - INFO - {"event": "produced", "message": "{\"CO\": 0.7831250996050698, \"Benzene\": 0.8675402051320814, \"NOx\": 5.0, \"NO2\": 0.282717750986946, \"NMHC\": 0.9656568117050102, \"Target\": NaN, \"timestamp\": \"2025-09-23T04:43:59.910950\"}"}
2025-09-23 04:43:59,911 INFO {"event": "delivered", "topic": "air_quality_data", "partition": 1, "offset": 228}
2025-09-23 04:43:59,911 - INFO - {"event": "delivered", "topic": "air_quality_data", "partition": 1, "offset": 228}
2025-09-23 04:44:00,419 INFO {"event": "produced", "message": "{\"CO\": 0.9599232119867457, \"Benzene\": 0.9094094393856496, \"NOx\": 5.0, \"NO2\": 0.6204609811336227, \"NMHC\": 0.20726145499851023, \"Target\": NaN, \"timestamp\": \"2025-09-23T04:44:00.419004\"}"}
2025-09-23 04:44:00,419 - INFO - {"event": "produced", "message": "{\"CO\": 0.9599232119867457, \"Benzene\": 0.9094094393856496, \"NOx\": 5.0, \"NO2\": 0.6204609811336227, \"NMHC\": 0.20726145499851023, \"Target\": NaN, \"timestamp\": \"2025-09-23T04:44:00.419004\"}"}
2025-09-23 04:44:00,419 INFO {"event": "delivered", "topic": "air_quality_data", "partition": 1, "offset": 229}
2025-09-23 04:44:00,419 - INFO - {"event": "delivered", "topic": "air_quality_data", "partition": 1, "offset": 229}
2025-09-23 04:44:00,923 INFO {"event": "produced", "message": "{\"CO\": 0.5, \"Benzene\": 0.6999276922057, \"NOx\": 5.0, \"NO2\": 0.553248157657777, \"NMHC\": 0.0017141571817826443, \"Target\": NaN, \"timestamp\": \"2025-09-23T04:44:00.923705\"}"}
2025-09-23 04:44:00,923 - INFO - {"event": "produced", "message": "{\"CO\": 0.5, \"Benzene\": 0.6999276922057, \"NOx\": 5.0, \"NO2\": 0.553248157657777, \"NMHC\": 0.0017141571817826443, \"Target\": NaN, \"timestamp\": \"2025-09-23T04:44:00.923705\"}"}
2025-09-23 04:44:00,923 INFO {"event": "delivered", "topic": "air_quality_data", "partition": 1, "offset": 230}
2025-09-23 04:44:00,923 - INFO - {"event": "delivered", "topic": "air_quality_data", "partition": 1, "offset": 230}
2025-09-23 04:44:01,431 INFO {"event": "produced", "message": "{\"CO\": 0.5, \"Benzene\": 0.5, \"NOx\": 5.0, \"NO2\": 0.8154355643700879, \"NMHC\": 0.9074458960902335, \"Target\": NaN, \"timestamp\": \"2025-09-23T04:44:01.431604\"}"}
2025-09-23 04:44:01,431 - INFO - {"event": "produced", "message": "{\"CO\": 0.5, \"Benzene\": 0.5, \"NOx\": 5.0, \"NO2\": 0.8154355643700879, \"NMHC\": 0.9074458960902335, \"Target\": NaN, \"timestamp\": \"2025-09-23T04:44:01.431604\"}"}
2025-09-23 04:44:01,432 INFO {"event": "delivered", "topic": "air_quality_data", "partition": 1, "offset": 231}
2025-09-23 04:44:01,432 - INFO - {"event": "delivered", "topic": "air_quality_data", "partition": 1, "offset": 231}
2025-09-23 04:44:01,941 INFO {"event": "produced", "message": "{\"CO\": 0.5, \"Benzene\": 0.5, \"NOx\": 5.0, \"NO2\": 0.10966944824705888, \"NMHC\": 0.5570883016095806, \"Target\": NaN, \"timestamp\": \"2025-09-23T04:44:01.941250\"}"}
2025-09-23 04:44:01,941 - INFO - {"event": "produced", "message": "{\"CO\": 0.5, \"Benzene\": 0.5, \"NOx\": 5.0, \"NO2\": 0.10966944824705888, \"NMHC\": 0.5570883016095806, \"Target\": NaN, \"timestamp\": \"2025-09-23T04:44:01.941250\"}"}
2025-09-23 04:44:01,942 INFO {"event": "delivered", "topic": "air_quality_data", "partition": 1, "offset": 232}
2025-09-23 04:44:01,942 - INFO - {"event": "delivered", "topic": "air_quality_data", "partition": 1, "offset": 232}
2025-09-23 04:44:02,449 INFO {"event": "produced", "message": "{\"CO\": 0.5, \"Benzene\": 0.8129269931594326, \"NOx\": 5.0, \"NO2\": 0.10831890937298194, \"NMHC\": 0.5697224980693723, \"Target\": NaN, \"timestamp\": \"2025-09-23T04:44:02.448974\"}"}
2025-09-23 04:44:02,449 - INFO - {"event": "produced", "message": "{\"CO\": 0.5, \"Benzene\": 0.8129269931594326, \"NOx\": 5.0, \"NO2\": 0.10831890937298194, \"NMHC\": 0.5697224980693723, \"Target\": NaN, \"timestamp\": \"2025-09-23T04:44:02.448974\"}"}
2025-09-23 04:44:02,449 INFO {"event": "delivered", "topic": "air_quality_data", "partition": 1, "offset": 233}
2025-09-23 04:44:02,449 - INFO - {"event": "delivered", "topic": "air_quality_data", "partition": 1, "offset": 233}
2025-09-23 04:44:02,958 INFO {"event": "produced", "message": "{\"CO\": 0.5, \"Benzene\": 0.5, \"NOx\": 5.0, \"NO2\": 0.4138233240809166, \"NMHC\": 0.7552822424858763, \"Target\": NaN, \"timestamp\": \"2025-09-23T04:44:02.958633\"}"}
2025-09-23 04:44:02,958 - INFO - {"event": "produced", "message": "{\"CO\": 0.5, \"Benzene\": 0.5, \"NOx\": 5.0, \"NO2\": 0.4138233240809166, \"NMHC\": 0.7552822424858763, \"Target\": NaN, \"timestamp\": \"2025-09-23T04:44:02.958633\"}"}
2025-09-23 04:44:02,959 INFO {"event": "delivered", "topic": "air_quality_data", "partition": 1, "offset": 234}
2025-09-23 04:44:02,959 - INFO - {"event": "delivered", "topic": "air_quality_data", "partition": 1, "offset": 234}
2025-09-23 04:44:03,466 INFO {"event": "produced", "message": "{\"CO\": 0.5154192967913314, \"Benzene\": 0.5, \"NOx\": 5.0, \"NO2\": 0.5693966103578668, \"NMHC\": 0.027996098975120585, \"Target\": NaN, \"timestamp\": \"2025-09-23T04:44:03.466482\"}"}
2025-09-23 04:44:03,466 - INFO - {"event": "produced", "message": "{\"CO\": 0.5154192967913314, \"Benzene\": 0.5, \"NOx\": 5.0, \"NO2\": 0.5693966103578668, \"NMHC\": 0.027996098975120585, \"Target\": NaN, \"timestamp\": \"2025-09-23T04:44:03.466482\"}"}
2025-09-23 04:44:03,467 INFO {"event": "delivered", "topic": "air_quality_data", "partition": 1, "offset": 235}
2025-09-23 04:44:03,467 - INFO - {"event": "delivered", "topic": "air_quality_data", "partition": 1, "offset": 235}
2025-09-23 04:44:03,972 INFO {"event": "produced", "message": "{\"CO\": 0.7034451578039427, \"Benzene\": 0.5, \"NOx\": 5.0, \"NO2\": 0.047849778543512675, \"NMHC\": 0.5225934229427062, \"Target\": NaN, \"timestamp\": \"2025-09-23T04:44:03.972338\"}"}
2025-09-23 04:44:03,972 - INFO - {"event": "produced", "message": "{\"CO\": 0.7034451578039427, \"Benzene\": 0.5, \"NOx\": 5.0, \"NO2\": 0.047849778543512675, \"NMHC\": 0.5225934229427062, \"Target\": NaN, \"timestamp\": \"2025-09-23T04:44:03.972338\"}"}
2025-09-23 04:44:03,973 INFO {"event": "delivered", "topic": "air_quality_data", "partition": 1, "offset": 236}
2025-09-23 04:44:03,973 - INFO - {"event": "delivered", "topic": "air_quality_data", "partition": 1, "offset": 236}
2025-09-23 04:44:04,481 INFO {"event": "produced", "message": "{\"CO\": 0.5, \"Benzene\": 0.803437305417826, \"NOx\": 5.0, \"NO2\": 0.4894876176188769, \"NMHC\": 0.2451418356591616, \"Target\": NaN, \"timestamp\": \"2025-09-23T04:44:04.481467\"}"}
2025-09-23 04:44:04,481 - INFO - {"event": "produced", "message": "{\"CO\": 0.5, \"Benzene\": 0.803437305417826, \"NOx\": 5.0, \"NO2\": 0.4894876176188769, \"NMHC\": 0.2451418356591616, \"Target\": NaN, \"timestamp\": \"2025-09-23T04:44:04.481467\"}"}
2025-09-23 04:44:04,482 INFO {"event": "delivered", "topic": "air_quality_data", "partition": 1, "offset": 237}
2025-09-23 04:44:04,482 - INFO - {"event": "delivered", "topic": "air_quality_data", "partition": 1, "offset": 237}
2025-09-23 04:44:04,986 INFO {"event": "produced", "message": "{\"CO\": 0.5, \"Benzene\": 0.5, \"NOx\": 5.0, \"NO2\": 0.13592663102407257, \"NMHC\": 0.7479787274215481, \"Target\": NaN, \"timestamp\": \"2025-09-23T04:44:04.986621\"}"}
2025-09-23 04:44:04,986 - INFO - {"event": "produced", "message": "{\"CO\": 0.5, \"Benzene\": 0.5, \"NOx\": 5.0, \"NO2\": 0.13592663102407257, \"NMHC\": 0.7479787274215481, \"Target\": NaN, \"timestamp\": \"2025-09-23T04:44:04.986621\"}"}
2025-09-23 04:44:04,987 INFO {"event": "delivered", "topic": "air_quality_data", "partition": 1, "offset": 238}
2025-09-23 04:44:04,987 - INFO - {"event": "delivered", "topic": "air_quality_data", "partition": 1, "offset": 238}
2025-09-23 04:44:05,491 INFO {"event": "delivered", "topic": "air_quality_data", "partition": 1, "offset": 239}
2025-09-23 04:44:05,491 - INFO - {"event": "delivered", "topic": "air_quality_data", "partition": 1, "offset": 239}
2025-09-23 10:02:08,802 INFO {"event": "produced", "message": "{\"CO\": 0.5, \"PT08.S1(CO)\": 0.33520265516882597, \"NMHC\": 0.1845419690624625, \"Benzene\": 0.5, \"PT08.S2(NMHC)\": 0.35756891241534783, \"NOx\": 5.0, \"PT08.S3(NOx)\": 0.21335852778906225, \"NO2\": 0.3190101041185823, \"PT08.S4(NO2)\": 0.4189371290408143, \"PT08.S5(O3)\": 0.349633665216809, \"T\": 0.4635492205836912, \"RH\": 0.5107000271486049, \"AH\": 0.43467727377449605, \"Target\": NaN, \"timestamp\": \"2025-09-23T10:02:08.802001\"}"}
2025-09-23 10:02:08,802 - INFO - {"event": "produced", "message": "{\"CO\": 0.5, \"PT08.S1(CO)\": 0.33520265516882597, \"NMHC\": 0.1845419690624625, \"Benzene\": 0.5, \"PT08.S2(NMHC)\": 0.35756891241534783, \"NOx\": 5.0, \"PT08.S3(NOx)\": 0.21335852778906225, \"NO2\": 0.3190101041185823, \"PT08.S4(NO2)\": 0.4189371290408143, \"PT08.S5(O3)\": 0.349633665216809, \"T\": 0.4635492205836912, \"RH\": 0.5107000271486049, \"AH\": 0.43467727377449605, \"Target\": NaN, \"timestamp\": \"2025-09-23T10:02:08.802001\"}"}
2025-09-23 10:05:41,664 INFO {"event": "produced", "message": "{\"CO\": 0.5, \"PT08.S1(CO)\": 0.33520265516882597, \"NMHC\": 0.1845419690624625, \"Benzene\": 0.5, \"PT08.S2(NMHC)\": 0.35756891241534783, \"NOx\": 5.0, \"PT08.S3(NOx)\": 0.21335852778906225, \"NO2\": 0.3190101041185823, \"PT08.S4(NO2)\": 0.4189371290408143, \"PT08.S5(O3)\": 0.349633665216809, \"T\": 0.4635492205836912, \"RH\": 0.5107000271486049, \"AH\": 0.43467727377449605, \"Target\": NaN, \"timestamp\": \"2025-09-23T10:05:41.664636\"}"}
2025-09-23 10:05:41,664 - INFO - {"event": "produced", "message": "{\"CO\": 0.5, \"PT08.S1(CO)\": 0.33520265516882597, \"NMHC\": 0.1845419690624625, \"Benzene\": 0.5, \"PT08.S2(NMHC)\": 0.35756891241534783, \"NOx\": 5.0, \"PT08.S3(NOx)\": 0.21335852778906225, \"NO2\": 0.3190101041185823, \"PT08.S4(NO2)\": 0.4189371290408143, \"PT08.S5(O3)\": 0.349633665216809, \"T\": 0.4635492205836912, \"RH\": 0.5107000271486049, \"AH\": 0.43467727377449605, \"Target\": NaN, \"timestamp\": \"2025-09-23T10:05:41.664636\"}"}
2025-09-23 10:07:52,822 INFO {"event": "produced", "message": "{\"CO\": 0.5, \"PT08.S1(CO)\": 0.33520265516882597, \"NMHC\": 0.1845419690624625, \"Benzene\": 0.5, \"PT08.S2(NMHC)\": 0.35756891241534783, \"NOx\": 5.0, \"PT08.S3(NOx)\": 0.21335852778906225, \"NO2\": 0.3190101041185823, \"PT08.S4(NO2)\": 0.4189371290408143, \"PT08.S5(O3)\": 0.349633665216809, \"T\": 0.4635492205836912, \"RH\": 0.5107000271486049, \"AH\": 0.43467727377449605, \"Target\": NaN, \"timestamp\": \"2025-09-23T10:07:52.822598\"}"}
2025-09-23 10:07:52,822 - INFO - {"event": "produced", "message": "{\"CO\": 0.5, \"PT08.S1(CO)\": 0.33520265516882597, \"NMHC\": 0.1845419690624625, \"Benzene\": 0.5, \"PT08.S2(NMHC)\": 0.35756891241534783, \"NOx\": 5.0, \"PT08.S3(NOx)\": 0.21335852778906225, \"NO2\": 0.3190101041185823, \"PT08.S4(NO2)\": 0.4189371290408143, \"PT08.S5(O3)\": 0.349633665216809, \"T\": 0.4635492205836912, \"RH\": 0.5107000271486049, \"AH\": 0.43467727377449605, \"Target\": NaN, \"timestamp\": \"2025-09-23T10:07:52.822598\"}"}
2025-09-23 10:07:53,826 INFO {"event": "delivered", "topic": "air_quality_data", "partition": 1, "offset": 240}
2025-09-23 10:07:53,826 - INFO - {"event": "delivered", "topic": "air_quality_data", "partition": 1, "offset": 240}
